<?xml version="1.0" encoding="UTF-8"?>
<testsuite xmlns:xsi="http://www.w3.org/2001/XMLSchema-instance" xsi:noNamespaceSchemaLocation="https://maven.apache.org/surefire/maven-surefire-plugin/xsd/surefire-test-report-3.0.xsd" version="3.0" name="com.alphasoft.bessie.BeSsieApplicationTests" time="5.318" tests="1" errors="0" skipped="0" failures="0">
  <properties>
[...]
</properties>
  <testcase name="contextLoads" classname="com.alphasoft.bessie.BeSsieApplicationTests" time="1.1">
    <system-out><![CDATA[20:42:00.702 [main] INFO org.springframework.test.context.support.AnnotationConfigContextLoaderUtils -- Could not detect default configuration classes for test class [com.alphasoft.bessie.BeSsieApplicationTests]: BeSsieApplicationTests does not declare any static, non-private, non-final, nested classes annotated with @Configuration.
20:42:00.838 [main] INFO org.springframework.boot.test.context.SpringBootTestContextBootstrapper -- Found @SpringBootConfiguration com.alphasoft.bessie.BeSsieApplication for test class com.alphasoft.bessie.BeSsieApplicationTests

  .   ____          _            __ _ _
 /\\ / ___'_ __ _ _(_)_ __  __ _ \ \ \ \
( ( )\___ | '_ | '_| | '_ \/ _` | \ \ \ \
 \\/  ___)| |_)| | | | | || (_| |  ) ) ) )
  '  |____| .__|_| |_|_| |_\__, | / / / /
 =========|_|==============|___/=/_/_/_/
 :: Spring Boot ::                (v3.1.0)

2023-06-04T20:42:01.416-04:00  INFO 27874 --- [           main] c.a.bessie.BeSsieApplicationTests        : Starting BeSsieApplicationTests using Java 19.0.1 with PID 27874 (started by oblavat in /Users/oblavat/personal/summer2023/BESsie)
2023-06-04T20:42:01.417-04:00  INFO 27874 --- [           main] c.a.bessie.BeSsieApplicationTests        : No active profile set, falling back to 1 default profile: "default"
2023-06-04T20:42:03.608-04:00  INFO 27874 --- [           main] o.s.b.a.w.s.WelcomePageHandlerMapping    : Adding welcome page: class path resource [static/index.html]
2023-06-04T20:42:04.566-04:00  INFO 27874 --- [           main] o.s.m.s.b.SimpleBrokerMessageHandler     : Starting...
2023-06-04T20:42:04.574-04:00  INFO 27874 --- [           main] o.s.m.s.b.SimpleBrokerMessageHandler     : BrokerAvailabilityEvent[available=true, SimpleBrokerMessageHandler [org.springframework.messaging.simp.broker.DefaultSubscriptionRegistry@3f598450]]
2023-06-04T20:42:04.578-04:00  INFO 27874 --- [           main] o.s.m.s.b.SimpleBrokerMessageHandler     : Started.
2023-06-04T20:42:04.591-04:00  INFO 27874 --- [           main] c.a.bessie.BeSsieApplicationTests        : Started BeSsieApplicationTests in 3.594 seconds (process running for 4.959)
]]></system-out>
  </testcase>
</testsuite>