<?xml version="1.0" encoding="UTF-8"?>
<testng-results skipped="0" failed="1" ignored="0" total="1" passed="0">
  <reporter-output>
  </reporter-output>
  <suite name="Local" duration-ms="39682" started-at="2023-07-10T23:13:27 EDT" finished-at="2023-07-10T23:14:07 EDT">
    <groups>
      <group name="critical">
        <method signature="Record.recordConversation()[pri:0, instance:com.talkerMobile.Record@55141def]" name="recordConversation" class="com.talkerMobile.Record"/>
      </group> <!-- critical -->
      <group name="Recording">
        <method signature="Record.recordConversation()[pri:0, instance:com.talkerMobile.Record@55141def]" name="recordConversation" class="com.talkerMobile.Record"/>
      </group> <!-- Recording -->
    </groups>
    <test name="LocalTest" duration-ms="39682" started-at="2023-07-10T23:13:27 EDT" finished-at="2023-07-10T23:14:07 EDT">
      <class name="com.talkerMobile.Record">
        <test-method status="PASS" signature="beforeMethod()[pri:0, instance:com.talkerMobile.Record@55141def]" name="beforeMethod" is-config="true" duration-ms="15735" started-at="2023-07-10T23:13:27 EDT" finished-at="2023-07-10T23:13:43 EDT">
          <reporter-output>
          </reporter-output>
        </test-method> <!-- beforeMethod -->
        <test-method status="FAIL" signature="recordConversation()[pri:0, instance:com.talkerMobile.Record@55141def]" name="recordConversation" duration-ms="23900" started-at="2023-07-10T23:13:43 EDT" finished-at="2023-07-10T23:14:07 EDT">
          <exception class="org.openqa.selenium.NoSuchElementException">
            <message>
              <![CDATA[An element could not be located on the page using the given search parameters.
For documentation on this error, please visit: https://www.selenium.dev/documentation/webdriver/troubleshooting/errors#no-such-element-exception
Build info: version: '4.10.0', revision: 'c14d967899'
System info: os.name: 'Windows 10', os.arch: 'amd64', os.version: '10.0', java.version: '1.8.0_322'
Driver info: io.appium.java_client.android.AndroidDriver
Command: [662be042-0b99-436a-b67d-9c145cdc5011, findElement {using=xpath, value=//*[@content-desc='Full Conversation' and contains(@index,'0')]}]
Capabilities {appium:appActivity: com.example.talker_mobile_a..., appium:appPackage: com.example.talker_mobile_app, appium:databaseEnabled: false, appium:desired: {appActivity: com.example.talker_mobile_a..., appPackage: com.example.talker_mobile_app, plateformName: Android, platformName: android, udid: emulator-5554}, appium:deviceApiLevel: 30, appium:deviceManufacturer: unknown, appium:deviceModel: Android SDK built for x86, appium:deviceName: emulator-5554, appium:deviceScreenDensity: 420, appium:deviceScreenSize: 1080x2400, appium:deviceUDID: emulator-5554, appium:javascriptEnabled: true, appium:locationContextEnabled: false, appium:networkConnectionEnabled: true, appium:pixelRatio: 2.625, appium:plateformName: Android, appium:platformVersion: 11, appium:statBarHeight: 136, appium:takesScreenshot: true, appium:udid: emulator-5554, appium:viewportRect: {height: 2002, left: 0, top: 136, width: 1080}, appium:warnings: {}, appium:webStorageEnabled: false, platformName: ANDROID}
Session ID: 662be042-0b99-436a-b67d-9c145cdc5011]]>
            </message>
            <full-stacktrace>
              <![CDATA[org.openqa.selenium.NoSuchElementException: An element could not be located on the page using the given search parameters.
For documentation on this error, please visit: https://www.selenium.dev/documentation/webdriver/troubleshooting/errors#no-such-element-exception
Build info: version: '4.10.0', revision: 'c14d967899'
System info: os.name: 'Windows 10', os.arch: 'amd64', os.version: '10.0', java.version: '1.8.0_322'
Driver info: io.appium.java_client.android.AndroidDriver
Command: [662be042-0b99-436a-b67d-9c145cdc5011, findElement {using=xpath, value=//*[@content-desc='Full Conversation' and contains(@index,'0')]}]
Capabilities {appium:appActivity: com.example.talker_mobile_a..., appium:appPackage: com.example.talker_mobile_app, appium:databaseEnabled: false, appium:desired: {appActivity: com.example.talker_mobile_a..., appPackage: com.example.talker_mobile_app, plateformName: Android, platformName: android, udid: emulator-5554}, appium:deviceApiLevel: 30, appium:deviceManufacturer: unknown, appium:deviceModel: Android SDK built for x86, appium:deviceName: emulator-5554, appium:deviceScreenDensity: 420, appium:deviceScreenSize: 1080x2400, appium:deviceUDID: emulator-5554, appium:javascriptEnabled: true, appium:locationContextEnabled: false, appium:networkConnectionEnabled: true, appium:pixelRatio: 2.625, appium:plateformName: Android, appium:platformVersion: 11, appium:statBarHeight: 136, appium:takesScreenshot: true, appium:udid: emulator-5554, appium:viewportRect: {height: 2002, left: 0, top: 136, width: 1080}, appium:warnings: {}, appium:webStorageEnabled: false, platformName: ANDROID}
Session ID: 662be042-0b99-436a-b67d-9c145cdc5011
at sun.reflect.NativeConstructorAccessorImpl.newInstance0(Native Method)
at sun.reflect.NativeConstructorAccessorImpl.newInstance(NativeConstructorAccessorImpl.java:62)
at sun.reflect.DelegatingConstructorAccessorImpl.newInstance(DelegatingConstructorAccessorImpl.java:45)
at java.lang.reflect.Constructor.newInstance(Constructor.java:423)
at org.openqa.selenium.remote.codec.w3c.W3CHttpResponseCodec.createException(W3CHttpResponseCodec.java:200)
at org.openqa.selenium.remote.codec.w3c.W3CHttpResponseCodec.decode(W3CHttpResponseCodec.java:133)
at org.openqa.selenium.remote.codec.w3c.W3CHttpResponseCodec.decode(W3CHttpResponseCodec.java:53)
at org.openqa.selenium.remote.HttpCommandExecutor.execute(HttpCommandExecutor.java:184)
at io.appium.java_client.remote.AppiumCommandExecutor.execute(AppiumCommandExecutor.java:262)
at org.openqa.selenium.remote.RemoteWebDriver.execute(RemoteWebDriver.java:541)
at org.openqa.selenium.remote.ElementLocation$ElementFinder$2.findElement(ElementLocation.java:162)
at org.openqa.selenium.remote.ElementLocation.findElement(ElementLocation.java:60)
at org.openqa.selenium.remote.RemoteWebDriver.findElement(RemoteWebDriver.java:365)
at org.openqa.selenium.remote.RemoteWebDriver.findElement(RemoteWebDriver.java:357)
at com.talkerMobile.Record.recordConversation(Record.java:51)
at sun.reflect.NativeMethodAccessorImpl.invoke0(Native Method)
at sun.reflect.NativeMethodAccessorImpl.invoke(NativeMethodAccessorImpl.java:62)
at sun.reflect.DelegatingMethodAccessorImpl.invoke(DelegatingMethodAccessorImpl.java:43)
at java.lang.reflect.Method.invoke(Method.java:498)
at org.testng.internal.invokers.MethodInvocationHelper.invokeMethod(MethodInvocationHelper.java:135)
at org.testng.internal.invokers.TestInvoker.invokeMethod(TestInvoker.java:673)
at org.testng.internal.invokers.TestInvoker.invokeTestMethod(TestInvoker.java:220)
at org.testng.internal.invokers.MethodRunner.runInSequence(MethodRunner.java:50)
at org.testng.internal.invokers.TestInvoker$MethodInvocationAgent.invoke(TestInvoker.java:945)
at org.testng.internal.invokers.TestInvoker.invokeTestMethods(TestInvoker.java:193)
at org.testng.internal.invokers.TestMethodWorker.invokeTestMethods(TestMethodWorker.java:146)
at org.testng.internal.invokers.TestMethodWorker.run(TestMethodWorker.java:128)
at java.util.ArrayList.forEach(ArrayList.java:1259)
at org.testng.TestRunner.privateRun(TestRunner.java:808)
at org.testng.TestRunner.run(TestRunner.java:603)
at org.testng.SuiteRunner.runTest(SuiteRunner.java:429)
at org.testng.SuiteRunner.runSequentially(SuiteRunner.java:423)
at org.testng.SuiteRunner.privateRun(SuiteRunner.java:383)
at org.testng.SuiteRunner.run(SuiteRunner.java:326)
at org.testng.SuiteRunnerWorker.runSuite(SuiteRunnerWorker.java:52)
at org.testng.SuiteRunnerWorker.run(SuiteRunnerWorker.java:95)
at org.testng.TestNG.runSuitesSequentially(TestNG.java:1249)
at org.testng.TestNG.runSuitesLocally(TestNG.java:1169)
at org.testng.TestNG.runSuites(TestNG.java:1092)
at org.testng.TestNG.run(TestNG.java:1060)
at com.intellij.rt.testng.IDEARemoteTestNG.run(IDEARemoteTestNG.java:66)
at com.intellij.rt.testng.RemoteTestNGStarter.main(RemoteTestNGStarter.java:109)
]]>
            </full-stacktrace>
          </exception> <!-- org.openqa.selenium.NoSuchElementException -->
          <reporter-output>
          </reporter-output>
        </test-method> <!-- recordConversation -->
      </class> <!-- com.talkerMobile.Record -->
    </test> <!-- LocalTest -->
  </suite> <!-- Local -->
</testng-results>
